[INFO] Scanning for projects...
[WARNING] 
[WARNING] Some problems were encountered while building the effective model for com.axiomalaska:sos-injection:jar:0.3.4-ASA-SNAPSHOT
[WARNING] 'build.plugins.plugin.version' for org.apache.maven.plugins:maven-compiler-plugin is missing. @ line 74, column 15
[WARNING] 
[WARNING] It is highly recommended to fix these problems because they threaten the stability of your build.
[WARNING] 
[WARNING] For this reason, future Maven versions might no longer support building such malformed projects.
[WARNING] 
[INFO]                                                                         
[INFO] ------------------------------------------------------------------------
[INFO] Building sos-injection 0.3.4-ASA-SNAPSHOT
[INFO] ------------------------------------------------------------------------
[INFO] 
[INFO] --- maven-clean-plugin:2.4.1:clean (default-clean) @ sos-injection ---
[INFO] Deleting C:\Users\scowan\Projects\sos-injection\target
[INFO] 
[INFO] --- maven-resources-plugin:2.5:resources (default-resources) @ sos-injection ---
[debug] execute contextualize
[INFO] Using 'UTF-8' encoding to copy filtered resources.
[INFO] Copying 1 resource
[INFO] 
[INFO] --- maven-compiler-plugin:2.3.2:compile (default-compile) @ sos-injection ---
[INFO] Compiling 29 source files to C:\Users\scowan\Projects\sos-injection\target\classes
[INFO] 
[INFO] --- maven-resources-plugin:2.5:testResources (default-testResources) @ sos-injection ---
[debug] execute contextualize
[INFO] Using 'UTF-8' encoding to copy filtered resources.
[INFO] skip non existing resourceDirectory C:\Users\scowan\Projects\sos-injection\src\test\resources
[INFO] 
[INFO] --- maven-compiler-plugin:2.3.2:testCompile (default-testCompile) @ sos-injection ---
[INFO] Compiling 2 source files to C:\Users\scowan\Projects\sos-injection\target\test-classes
[INFO] 
[INFO] --- maven-surefire-plugin:2.10:test (default-test) @ sos-injection ---
[INFO] Surefire report directory: C:\Users\scowan\Projects\sos-injection\target\surefire-reports

-------------------------------------------------------
 T E S T S
-------------------------------------------------------
Running com.axiomalaska.sos.AppTest
Tests run: 1, Failures: 0, Errors: 0, Skipped: 0, Time elapsed: 0.031 sec
Running com.axiomalaska.sos.xmlbuilder.XmlBuildersTest
log4j: Parsing for [root] with value=[INFO, R, stdout ].
log4j: Level token is [INFO].
log4j: Category root set to INFO
log4j: Parsing appender named "R".
log4j: Parsing layout options for "R".
log4j: Setting property [conversionPattern] to [%d{yyyy-MM-dd HH:mm:ss.SSSS} %5p [%t] (%F:%L) - %m%n].
log4j: End of parsing for "R".
log4j: Setting property [threshold] to [INFO].
log4j: Setting property [file] to [./sosInjector.log ].
log4j: Setting property [maxFileSize] to [1MB ].
log4j: Setting property [maxBackupIndex] to [5].
log4j: setFile called: ./sosInjector.log, true
log4j: setFile ended
log4j: Parsed "R" options.
log4j: Parsing appender named "stdout".
log4j: Parsing layout options for "stdout".
log4j: Setting property [conversionPattern] to [%5p [%t] (%F:%L) - %m%n].
log4j: End of parsing for "stdout".
log4j: Parsed "stdout" options.
log4j: Finished configuring.
Tests run: 5, Failures: 0, Errors: 0, Skipped: 0, Time elapsed: 1.201 sec

Results :

Tests run: 6, Failures: 0, Errors: 0, Skipped: 0

[INFO] 
[INFO] --- maven-jar-plugin:2.3.2:jar (default-jar) @ sos-injection ---
[INFO] Building jar: C:\Users\scowan\Projects\sos-injection\target\SosInjector.jar
[INFO] 
[INFO] --- maven-install-plugin:2.3.1:install (default-install) @ sos-injection ---
[INFO] Installing C:\Users\scowan\Projects\sos-injection\target\SosInjector.jar to C:\Users\scowan\.m2\repository\com\axiomalaska\sos-injection\0.3.4-ASA-SNAPSHOT\sos-injection-0.3.4-ASA-SNAPSHOT.jar
[INFO] Installing C:\Users\scowan\Projects\sos-injection\pom.xml to C:\Users\scowan\.m2\repository\com\axiomalaska\sos-injection\0.3.4-ASA-SNAPSHOT\sos-injection-0.3.4-ASA-SNAPSHOT.pom
[INFO] ------------------------------------------------------------------------
[INFO] BUILD SUCCESS
[INFO] ------------------------------------------------------------------------
[INFO] Total time: 3.978s
[INFO] Finished at: Tue Nov 06 15:17:55 EST 2012
[INFO] Final Memory: 21M/227M
[INFO] ------------------------------------------------------------------------
